Change Component Designator: Old Designator=2 New Designator=1
Change Component Designator: Old Designator=3 New Designator=2
Change Component Designator: Old Designator=4 New Designator=3
Change Component Designator: Old Designator=5 New Designator=4
Change Component Designator: Old Designator=C1 New Designator=C8
Change Component Designator: Old Designator=C3 New Designator=C12
Change Component Designator: Old Designator=C5 New Designator=C13
Change Component Designator: Old Designator=C6 New Designator=C10
Change Component Designator: Old Designator=C7 New Designator=C14
Change Component Designator: Old Designator=C8 New Designator=C1
Change Component Designator: Old Designator=C8 New Designator=C16
Change Component Designator: Old Designator=C9 New Designator=C3
Change Component Designator: Old Designator=C10 New Designator=C4
Change Component Designator: Old Designator=C11 New Designator=C5
Change Component Designator: Old Designator=C12 New Designator=C6
Change Component Designator: Old Designator=C13 New Designator=C7
Change Component Designator: Old Designator=C14 New Designator=C15
Change Component Designator: Old Designator=C15 New Designator=C2
Change Component Designator: Old Designator=C15 New Designator=C9
Change Component Designator: Old Designator=C16 New Designator=C11
Change Component Designator: Old Designator=D2 New Designator=D3
Change Component Designator: Old Designator=D3 New Designator=D1
Change Component Designator: Old Designator=D4 New Designator=D2
Change Component Designator: Old Designator=input power New Designator=input power1
Change Component Designator: Old Designator=LED1 New Designator=LED3
Change Component Designator: Old Designator=LED2 New Designator=LED1
Change Component Designator: Old Designator=LED3 New Designator=LED2
Change Component Designator: Old Designator=P2 New Designator=P3
Change Component Designator: Old Designator=P3 New Designator=P2
Change Component Designator: Old Designator=R4 New Designator=R6
Change Component Designator: Old Designator=R7 New Designator=R11
Change Component Designator: Old Designator=R8 New Designator=R12
Change Component Designator: Old Designator=R9 New Designator=R7
Change Component Designator: Old Designator=R10 New Designator=R1
Change Component Designator: Old Designator=R10 New Designator=R13
Change Component Designator: Old Designator=R11 New Designator=R4
Change Component Designator: Old Designator=R11 New Designator=R14
Change Component Designator: Old Designator=R12 New Designator=R5
Change Component Designator: Old Designator=R13 New Designator=R8
Change Component Designator: Old Designator=R14 New Designator=R9
Change Component Designator: Old Designator=R15 New Designator=R10
Change Component Designator: Old Designator=R131 New Designator=R2
Change Component Designator: Old Designator=R132 New Designator=R3
Change Component Designator: Old Designator=S4 New Designator=S1
Change Component Designator: Old Designator=U3 New Designator=U1
Change Component Designator: Old Designator=U3 New Designator=U1
Change Component Designator: Old Designator=U4 New Designator=U2
