Removed Pin From Net: NetName=PGND Pin=Camera_power1-1
Removed Pin From Net: NetName=PGND Pin=Camera_power2-1
Removed Pin From Net: NetName=PGND Pin=Camera_power3-1
Removed Pin From Net: NetName=PGND Pin=Camera_power4-1
Change Component Designator: OldDesignator=LED2 NewDesignator=LED3
Change Component Designator: OldDesignator=LED3 NewDesignator=LED4
Change Component Designator: OldDesignator=LED NewDesignator=LED2
Change Component Designator: OldDesignator=R17 NewDesignator=R19
Change Component Designator: OldDesignator=R18 NewDesignator=R20
Change Component Designator: OldDesignator=R19 NewDesignator=R17
Change Component Designator: OldDesignator=R20 NewDesignator=R18
Change component parameters (AddParameter): Name = "LatestRevisionDate"; Value = "17-Jul-2002"; VariantName = "[No Variations]"
Change component parameters (AddParameter): Name = "LatestRevisionNote"; Value = "Re-released for DXP Platform."; VariantName = "[No Variations]"
Change component parameters (AddParameter): Name = "PackageReference"; Value = "AXIAL-0.3"; VariantName = "[No Variations]"
Change component parameters (AddParameter): Name = "Published"; Value = "8-Jun-2000"; VariantName = "[No Variations]"
Change component parameters (AddParameter): Name = "Publisher"; Value = "Altium Limited"; VariantName = "[No Variations]"
Change component parameters (AddParameter): Name = "Value"; Value = "1K"; VariantName = "[No Variations]"
Change component parameters. Clean all parameters for all variants
Change component parameters (AddParameter): Name = "LatestRevisionDate"; Value = "17-Jul-2002"; VariantName = "[No Variations]"
Change component parameters (AddParameter): Name = "LatestRevisionNote"; Value = "Re-released for DXP Platform."; VariantName = "[No Variations]"
Change component parameters (AddParameter): Name = "PackageReference"; Value = "AXIAL-0.3"; VariantName = "[No Variations]"
Change component parameters (AddParameter): Name = "Published"; Value = "8-Jun-2000"; VariantName = "[No Variations]"
Change component parameters (AddParameter): Name = "Publisher"; Value = "Altium Limited"; VariantName = "[No Variations]"
Change component parameters (AddParameter): Name = "Value"; Value = "1K"; VariantName = "[No Variations]"
Change component parameters (AddParameter): Name = "LatestRevisionDate"; Value = "17-Jul-2002"; VariantName = "[No Variations]"
Change component parameters (AddParameter): Name = "LatestRevisionNote"; Value = "Re-released for DXP Platform."; VariantName = "[No Variations]"
Change component parameters (AddParameter): Name = "PackageReference"; Value = "AXIAL-0.3"; VariantName = "[No Variations]"
Change component parameters (AddParameter): Name = "Published"; Value = "8-Jun-2000"; VariantName = "[No Variations]"
Change component parameters (AddParameter): Name = "Publisher"; Value = "Altium Limited"; VariantName = "[No Variations]"
Change component parameters (AddParameter): Name = "Value"; Value = "1K"; VariantName = "[No Variations]"
Change component parameters. Clean all parameters for all variants
Change component parameters (AddParameter): Name = "LatestRevisionDate"; Value = "17-Jul-2002"; VariantName = "[No Variations]"
Change component parameters (AddParameter): Name = "LatestRevisionNote"; Value = "Re-released for DXP Platform."; VariantName = "[No Variations]"
Change component parameters (AddParameter): Name = "PackageReference"; Value = "AXIAL-0.3"; VariantName = "[No Variations]"
Change component parameters (AddParameter): Name = "Published"; Value = "8-Jun-2000"; VariantName = "[No Variations]"
Change component parameters (AddParameter): Name = "Publisher"; Value = "Altium Limited"; VariantName = "[No Variations]"
Change component parameters (AddParameter): Name = "Value"; Value = "1K"; VariantName = "[No Variations]"
Added Pin To Net: NetName=GND Pin=Camera_power1-1
Added Pin To Net: NetName=GND Pin=Camera_power2-1
Added Pin To Net: NetName=GND Pin=Camera_power3-1
Added Pin To Net: NetName=GND Pin=Camera_power4-1
Change Net Name : Old Net Name=LED_Switch New Net Name=NetLED2_2
Change Net Name : Old Net Name=NetLED2_1 New Net Name=NetLED3_1
Change Net Name : Old Net Name=NetLED3_1 New Net Name=NetLED4_1
Change Net Name : Old Net Name=NetR19_2 New Net Name=NetR17_2
Change Net Name : Old Net Name=NetR20_2 New Net Name=NetR18_2
Added Pin To Net: NetName=EXT_LED_EN Pin=U5-3
Added Net: Name=EXT_LED_EN
Added Net: Name=NetC141_2
Added Net: Name=NetR23_2
Added Pin To Net: NetName=Servo_16_EN Pin=U6-3
Added Net: Name=Servo_16_EN
Added Net: Name=Thermal_EN
