Add component (AddParameter): Name = "Publisher"; Value = "Altium Limited"; VariantName = "[No Variations]"
Add component (AddParameter): Name = "Revision"; Value = "17-Jul-2002: Re-released for DXP Platform."; VariantName = "[No Variations]"
Added Component: Designator=Camera_power1(jp circular 2)
Add component. Clean all parameters for all variants
Add component (AddParameter): Name = "Publisher"; Value = "Altium Limited"; VariantName = "[No Variations]"
Add component (AddParameter): Name = "Revision"; Value = "17-Jul-2002: Re-released for DXP Platform."; VariantName = "[No Variations]"
Add component (AddParameter): Name = "Publisher"; Value = "Altium Limited"; VariantName = "[No Variations]"
Add component (AddParameter): Name = "Revision"; Value = "17-Jul-2002: Re-released for DXP Platform."; VariantName = "[No Variations]"
Added Component: Designator=Camera_power2(jp circular 2)
Add component. Clean all parameters for all variants
Add component (AddParameter): Name = "Publisher"; Value = "Altium Limited"; VariantName = "[No Variations]"
Add component (AddParameter): Name = "Revision"; Value = "17-Jul-2002: Re-released for DXP Platform."; VariantName = "[No Variations]"
Add component (AddParameter): Name = "Publisher"; Value = "Altium Limited"; VariantName = "[No Variations]"
Add component (AddParameter): Name = "Revision"; Value = "17-Jul-2002: Re-released for DXP Platform."; VariantName = "[No Variations]"
Added Component: Designator=Camera_power4(jp circular 2)
Add component. Clean all parameters for all variants
Add component (AddParameter): Name = "Publisher"; Value = "Altium Limited"; VariantName = "[No Variations]"
Add component (AddParameter): Name = "Revision"; Value = "17-Jul-2002: Re-released for DXP Platform."; VariantName = "[No Variations]"
Added Pin To Net: NetName=GND Pin=Camera_power1-1
Added Pin To Net: NetName=+12 Pin=Camera_power1-2
Added Pin To Net: NetName=GND Pin=Camera_power2-1
Added Pin To Net: NetName=+12 Pin=Camera_power2-2
Added Pin To Net: NetName=GND Pin=Camera_power4-1
Added Pin To Net: NetName=+12 Pin=Camera_power4-2
Added Member To Class: ClassName=head(mehdi) Member=Component Camera_power1 Header 2
Added Member To Class: ClassName=head(mehdi) Member=Component Camera_power2 Header 2
Added Member To Class: ClassName=head(mehdi) Member=Component Camera_power4 Header 2
