Removed Pin From Net: NetName=CURRENT1 Pin=C1-2
Removed Pin From Net: NetName=Current2 Pin=C2-2
Removed Pin From Net: NetName=EN2-1 Pin=R1-2
Removed Pin From Net: NetName=EN2-2 Pin=R2-2
Removed Pin From Net: NetName=EN2-1 Pin=R4-1
Removed Pin From Net: NetName=EN2-2 Pin=R5-1
Removed Pin From Net: NetName=ICINA-1 Pin=R6-1
Removed Pin From Net: NetName=ICINA-2 Pin=R7-1
Removed Pin From Net: NetName=CURRENT1 Pin=R10-2
Removed Pin From Net: NetName=Current2 Pin=R12-2
Removed Pin From Net: NetName=EN1-1 Pin=R14-2
Removed Pin From Net: NetName=EN1-2 Pin=R15-2
Removed Pin From Net: NetName=EN1-1 Pin=R18-1
Removed Pin From Net: NetName=EN1-2 Pin=R19-1
Removed Pin From Net: NetName=ICINB-1 Pin=R24-1
Removed Pin From Net: NetName=ICINB-2 Pin=R25-1
Removed Pin From Net: NetName=ICPWM-1 Pin=R28-1
Removed Pin From Net: NetName=ICPWM-2 Pin=R29-1
Removed Pin From Net: NetName=ICPWM-1 Pin=R31-1
Removed Pin From Net: NetName=ICPWM-2 Pin=R32-1
Added Pin To Net: NetName=Current2 Pin=C1-2
Added Pin To Net: NetName=CURRENT1 Pin=C2-2
Added Pin To Net: NetName=EN2-2 Pin=R1-2
Added Pin To Net: NetName=EN2-1 Pin=R2-2
Added Pin To Net: NetName=EN2-2 Pin=R4-1
Added Pin To Net: NetName=EN2-1 Pin=R5-1
Added Pin To Net: NetName=ICINA-2 Pin=R6-1
Added Pin To Net: NetName=ICINA-1 Pin=R7-1
Added Pin To Net: NetName=Current2 Pin=R10-2
Added Pin To Net: NetName=CURRENT1 Pin=R12-2
Added Pin To Net: NetName=EN1-2 Pin=R14-2
Added Pin To Net: NetName=EN1-1 Pin=R15-2
Added Pin To Net: NetName=EN1-2 Pin=R18-1
Added Pin To Net: NetName=EN1-1 Pin=R19-1
Added Pin To Net: NetName=ICINB-2 Pin=R24-1
Added Pin To Net: NetName=ICINB-1 Pin=R25-1
Added Pin To Net: NetName=ICPWM-2 Pin=R28-1
Added Pin To Net: NetName=ICPWM-1 Pin=R29-1
Added Pin To Net: NetName=ICPWM-2 Pin=R31-1
Added Pin To Net: NetName=ICPWM-1 Pin=R32-1
