Add component (AddParameter): Name = "LatestRevisionDate"; Value = "17-Jul-2002"; VariantName = "[No Variations]"
Add component (AddParameter): Name = "LatestRevisionNote"; Value = "Re-released for DXP Platform."; VariantName = "[No Variations]"
Add component (AddParameter): Name = "Publisher"; Value = "Altium Limited"; VariantName = "[No Variations]"
Added Component: Designator=P4(CON6-TIWAN)
Add component. Clean all parameters for all variants
Add component (AddParameter): Name = "LatestRevisionDate"; Value = "17-Jul-2002"; VariantName = "[No Variations]"
Add component (AddParameter): Name = "LatestRevisionNote"; Value = "Re-released for DXP Platform."; VariantName = "[No Variations]"
Add component (AddParameter): Name = "Publisher"; Value = "Altium Limited"; VariantName = "[No Variations]"
Add component (AddParameter): Name = "LatestRevisionDate"; Value = "17-Jul-2002"; VariantName = "[No Variations]"
Add component (AddParameter): Name = "LatestRevisionNote"; Value = "Re-released for DXP Platform."; VariantName = "[No Variations]"
Add component (AddParameter): Name = "Publisher"; Value = "Altium Limited"; VariantName = "[No Variations]"
Added Component: Designator=P5(con6-tiwan)
Add component. Clean all parameters for all variants
Add component (AddParameter): Name = "LatestRevisionDate"; Value = "17-Jul-2002"; VariantName = "[No Variations]"
Add component (AddParameter): Name = "LatestRevisionNote"; Value = "Re-released for DXP Platform."; VariantName = "[No Variations]"
Add component (AddParameter): Name = "Publisher"; Value = "Altium Limited"; VariantName = "[No Variations]"
Added Pin To Net: NetName=D+ Pin=P4-1
Added Pin To Net: NetName=D- Pin=P4-2
Added Pin To Net: NetName=+12 Pin=P4-3
Added Pin To Net: NetName=+16 Pin=P4-4
Added Pin To Net: NetName=PGND Pin=P4-5
Added Pin To Net: NetName=PGND Pin=P4-6
Added Pin To Net: NetName=D+ Pin=P5-1
Added Pin To Net: NetName=D- Pin=P5-2
Added Pin To Net: NetName=+12 Pin=P5-3
Added Pin To Net: NetName=+16 Pin=P5-4
Added Pin To Net: NetName=PGND Pin=P5-5
Added Pin To Net: NetName=PGND Pin=P5-6
Added Member To Class: ClassName=drivers Member=Component P4 BUS connector
Added Member To Class: ClassName=drivers Member=Component P5 BUS connector
