Change Component Designator: OldDesignator=Micro switch NewDesignator=Micro switch1
Change Component Designator: OldDesignator=P2 NewDesignator=P3
Change Component Designator: OldDesignator=P3 NewDesignator=P2
Change Component Designator: OldDesignator=R37 NewDesignator=R38
Change Component Designator: OldDesignator=U2 NewDesignator=U3
Change Component Designator: OldDesignator=U3 NewDesignator=U2
Add component (AddParameter): Name = "LatestRevisionDate"; Value = "17-Jul-2002"; VariantName = "[No Variations]"
Add component (AddParameter): Name = "LatestRevisionNote"; Value = "Re-released for DXP Platform."; VariantName = "[No Variations]"
Add component (AddParameter): Name = "Publisher"; Value = "Altium Limited"; VariantName = "[No Variations]"
Added Component: Designator=CONTROL1(HDR2X17H)
Add component. Clean all parameters for all variants
Add component (AddParameter): Name = "LatestRevisionDate"; Value = "17-Jul-2002"; VariantName = "[No Variations]"
Add component (AddParameter): Name = "LatestRevisionNote"; Value = "Re-released for DXP Platform."; VariantName = "[No Variations]"
Add component (AddParameter): Name = "Publisher"; Value = "Altium Limited"; VariantName = "[No Variations]"
Add component (AddParameter): Name = "DatasheetDocument"; Value = "16-Apr-2002"; VariantName = "[No Variations]"
Add component (AddParameter): Name = "LatestRevisionDate"; Value = "17-Dec-2003"; VariantName = "[No Variations]"
Add component (AddParameter): Name = "LatestRevisionNote"; Value = "PCB Footprint replaced."; VariantName = "[No Variations]"
Add component (AddParameter): Name = "PackageDocument"; Value = "16-Apr-2002"; VariantName = "[No Variations]"
Add component (AddParameter): Name = "PackageReference"; Value = "3.5X2.8X1.9"; VariantName = "[No Variations]"
Add component (AddParameter): Name = "Published"; Value = "8-Jun-2000"; VariantName = "[No Variations]"
Add component (AddParameter): Name = "Publisher"; Value = "Altium Limited"; VariantName = "[No Variations]"
Added Component: Designator=LED1(3518)
Add component. Clean all parameters for all variants
Add component (AddParameter): Name = "DatasheetDocument"; Value = "16-Apr-2002"; VariantName = "[No Variations]"
Add component (AddParameter): Name = "LatestRevisionDate"; Value = "17-Dec-2003"; VariantName = "[No Variations]"
Add component (AddParameter): Name = "LatestRevisionNote"; Value = "PCB Footprint replaced."; VariantName = "[No Variations]"
Add component (AddParameter): Name = "PackageDocument"; Value = "16-Apr-2002"; VariantName = "[No Variations]"
Add component (AddParameter): Name = "PackageReference"; Value = "3.5X2.8X1.9"; VariantName = "[No Variations]"
Add component (AddParameter): Name = "Published"; Value = "8-Jun-2000"; VariantName = "[No Variations]"
Add component (AddParameter): Name = "Publisher"; Value = "Altium Limited"; VariantName = "[No Variations]"
Add component (AddParameter): Name = "DatasheetDocument"; Value = "16-Apr-2002"; VariantName = "[No Variations]"
Add component (AddParameter): Name = "LatestRevisionDate"; Value = "17-Dec-2003"; VariantName = "[No Variations]"
Add component (AddParameter): Name = "LatestRevisionNote"; Value = "PCB Footprint replaced."; VariantName = "[No Variations]"
Add component (AddParameter): Name = "PackageDocument"; Value = "16-Apr-2002"; VariantName = "[No Variations]"
Add component (AddParameter): Name = "PackageReference"; Value = "3.5X2.8X1.9"; VariantName = "[No Variations]"
Add component (AddParameter): Name = "Published"; Value = "8-Jun-2000"; VariantName = "[No Variations]"
Add component (AddParameter): Name = "Publisher"; Value = "Altium Limited"; VariantName = "[No Variations]"
Added Component: Designator=LED2(3518)
Add component. Clean all parameters for all variants
Add component (AddParameter): Name = "DatasheetDocument"; Value = "16-Apr-2002"; VariantName = "[No Variations]"
Add component (AddParameter): Name = "LatestRevisionDate"; Value = "17-Dec-2003"; VariantName = "[No Variations]"
Add component (AddParameter): Name = "LatestRevisionNote"; Value = "PCB Footprint replaced."; VariantName = "[No Variations]"
Add component (AddParameter): Name = "PackageDocument"; Value = "16-Apr-2002"; VariantName = "[No Variations]"
Add component (AddParameter): Name = "PackageReference"; Value = "3.5X2.8X1.9"; VariantName = "[No Variations]"
Add component (AddParameter): Name = "Published"; Value = "8-Jun-2000"; VariantName = "[No Variations]"
Add component (AddParameter): Name = "Publisher"; Value = "Altium Limited"; VariantName = "[No Variations]"
Add component (AddParameter): Name = "LatestRevisionDate"; Value = "17-Jul-2002"; VariantName = "[No Variations]"
Add component (AddParameter): Name = "LatestRevisionNote"; Value = "Re-released for DXP Platform."; VariantName = "[No Variations]"
Add component (AddParameter): Name = "PackageReference"; Value = "AXIAL-0.3"; VariantName = "[No Variations]"
Add component (AddParameter): Name = "Published"; Value = "8-Jun-2000"; VariantName = "[No Variations]"
Add component (AddParameter): Name = "Publisher"; Value = "Altium Limited"; VariantName = "[No Variations]"
Add component (AddParameter): Name = "Value"; Value = "1K"; VariantName = "[No Variations]"
Added Component: Designator=R35(j1-0603)
Add component. Clean all parameters for all variants
Add component (AddParameter): Name = "LatestRevisionDate"; Value = "17-Jul-2002"; VariantName = "[No Variations]"
Add component (AddParameter): Name = "LatestRevisionNote"; Value = "Re-released for DXP Platform."; VariantName = "[No Variations]"
Add component (AddParameter): Name = "PackageReference"; Value = "AXIAL-0.3"; VariantName = "[No Variations]"
Add component (AddParameter): Name = "Published"; Value = "8-Jun-2000"; VariantName = "[No Variations]"
Add component (AddParameter): Name = "Publisher"; Value = "Altium Limited"; VariantName = "[No Variations]"
Add component (AddParameter): Name = "Value"; Value = "1K"; VariantName = "[No Variations]"
Add component (AddParameter): Name = "LatestRevisionDate"; Value = "17-Jul-2002"; VariantName = "[No Variations]"
Add component (AddParameter): Name = "LatestRevisionNote"; Value = "Re-released for DXP Platform."; VariantName = "[No Variations]"
Add component (AddParameter): Name = "PackageReference"; Value = "AXIAL-0.3"; VariantName = "[No Variations]"
Add component (AddParameter): Name = "Published"; Value = "8-Jun-2000"; VariantName = "[No Variations]"
Add component (AddParameter): Name = "Publisher"; Value = "Altium Limited"; VariantName = "[No Variations]"
Add component (AddParameter): Name = "Value"; Value = "330"; VariantName = "[No Variations]"
Added Component: Designator=R37(j1-0603)
Add component. Clean all parameters for all variants
Add component (AddParameter): Name = "LatestRevisionDate"; Value = "17-Jul-2002"; VariantName = "[No Variations]"
Add component (AddParameter): Name = "LatestRevisionNote"; Value = "Re-released for DXP Platform."; VariantName = "[No Variations]"
Add component (AddParameter): Name = "PackageReference"; Value = "AXIAL-0.3"; VariantName = "[No Variations]"
Add component (AddParameter): Name = "Published"; Value = "8-Jun-2000"; VariantName = "[No Variations]"
Add component (AddParameter): Name = "Publisher"; Value = "Altium Limited"; VariantName = "[No Variations]"
Add component (AddParameter): Name = "Value"; Value = "330"; VariantName = "[No Variations]"
Added Pin To Net: NetName=ICINA-2 Pin=CONTROL1-1
Added Pin To Net: NetName=ICINA-2 Pin=CONTROL1-2
Added Pin To Net: NetName=ICPWM-2 Pin=CONTROL1-3
Added Pin To Net: NetName=ICPWM-2 Pin=CONTROL1-4
Added Pin To Net: NetName=GND Pin=CONTROL1-5
Added Pin To Net: NetName=Current2 Pin=CONTROL1-6
Added Pin To Net: NetName=ICINB-2 Pin=CONTROL1-7
Added Pin To Net: NetName=ICINB-2 Pin=CONTROL1-8
Added Pin To Net: NetName=ICINA-3 Pin=CONTROL1-9
Added Pin To Net: NetName=ICINA-3 Pin=CONTROL1-10
Added Pin To Net: NetName=ICPWM-3 Pin=CONTROL1-11
Added Pin To Net: NetName=ICPWM-3 Pin=CONTROL1-12
Added Pin To Net: NetName=GND Pin=CONTROL1-13
Added Pin To Net: NetName=Current3 Pin=CONTROL1-14
Added Pin To Net: NetName=ICINB-3 Pin=CONTROL1-15
Added Pin To Net: NetName=ICINB-3 Pin=CONTROL1-16
Added Pin To Net: NetName=D+ Pin=CONTROL1-17
Added Pin To Net: NetName=D+ Pin=CONTROL1-18
Added Pin To Net: NetName=D- Pin=CONTROL1-19
Added Pin To Net: NetName=D- Pin=CONTROL1-20
Added Pin To Net: NetName=ICINA-1 Pin=CONTROL1-21
Added Pin To Net: NetName=ICINA-1 Pin=CONTROL1-22
Added Pin To Net: NetName=ICPWM-1 Pin=CONTROL1-23
Added Pin To Net: NetName=ICPWM-1 Pin=CONTROL1-24
Added Pin To Net: NetName=GND Pin=CONTROL1-25
Added Pin To Net: NetName=CURRENT1 Pin=CONTROL1-26
Added Pin To Net: NetName=ICINB-1 Pin=CONTROL1-27
Added Pin To Net: NetName=ICINB-1 Pin=CONTROL1-28
Added Pin To Net: NetName=Fan_EN Pin=CONTROL1-29
Added Pin To Net: NetName=Fan_EN Pin=CONTROL1-30
Added Pin To Net: NetName=+5 Pin=CONTROL1-31
Added Pin To Net: NetName=+5 Pin=CONTROL1-32
Added Pin To Net: NetName=GND Pin=CONTROL1-33
Added Pin To Net: NetName=GND Pin=CONTROL1-34
Added Pin To Net: NetName=GND Pin=LED1-1
Added Pin To Net: NetName=GND Pin=LED2-1
Added Pin To Net: NetName=+12 Pin=R35-1
Added Pin To Net: NetName=+5 Pin=R37-1
Added Pin To Net: NetName=NetLED1_1 Pin=LED1-2
Added Pin To Net: NetName=NetLED1_1 Pin=R35-2
Added Net: Name=NetLED1_1
Added Pin To Net: NetName=NetLED2_1 Pin=LED2-2
Added Pin To Net: NetName=NetLED2_1 Pin=R37-2
Added Net: Name=NetLED2_1
Added Member To Class: ClassName=drivers Member=Component CONTROL1 
Added Member To Class: ClassName=drivers Member=Component LED1 power
Added Member To Class: ClassName=drivers Member=Component LED2 power
Added Member To Class: ClassName=drivers Member=Component R35 Res1
Added Member To Class: ClassName=drivers Member=Component R38 
