Removed Pin From Net: NetName=ICINA-1 Pin=CONTROL1-1
Removed Pin From Net: NetName=ICPWM-1 Pin=CONTROL1-3
Removed Pin From Net: NetName=CURRENT1 Pin=CONTROL1-5
Removed Pin From Net: NetName=ICINB-1 Pin=CONTROL1-7
Removed Pin From Net: NetName=ICINA-2 Pin=CONTROL1-9
Removed Pin From Net: NetName=ICPWM-2 Pin=CONTROL1-11
Removed Pin From Net: NetName=Current2 Pin=CONTROL1-13
Removed Pin From Net: NetName=ICINB-2 Pin=CONTROL1-15
Removed Pin From Net: NetName=ICINA-3 Pin=CONTROL1-17
Removed Pin From Net: NetName=ICPWM-3 Pin=CONTROL1-19
Removed Pin From Net: NetName=Current3 Pin=CONTROL1-25
Removed Pin From Net: NetName=ICINB-3 Pin=CONTROL1-27
Added Pin To Net: NetName=ICINA-2 Pin=CONTROL1-1
Added Pin To Net: NetName=ICINA-2 Pin=CONTROL1-2
Added Pin To Net: NetName=ICPWM-2 Pin=CONTROL1-3
Added Pin To Net: NetName=ICPWM-2 Pin=CONTROL1-4
Added Pin To Net: NetName=Current2 Pin=CONTROL1-5
Added Pin To Net: NetName=Current2 Pin=CONTROL1-6
Added Pin To Net: NetName=ICINB-2 Pin=CONTROL1-7
Added Pin To Net: NetName=ICINB-2 Pin=CONTROL1-8
Added Pin To Net: NetName=ICINA-3 Pin=CONTROL1-9
Added Pin To Net: NetName=ICINA-3 Pin=CONTROL1-10
Added Pin To Net: NetName=ICPWM-3 Pin=CONTROL1-11
Added Pin To Net: NetName=ICPWM-3 Pin=CONTROL1-12
Added Pin To Net: NetName=Current3 Pin=CONTROL1-13
Added Pin To Net: NetName=Current3 Pin=CONTROL1-14
Added Pin To Net: NetName=ICINB-3 Pin=CONTROL1-15
Added Pin To Net: NetName=ICINB-3 Pin=CONTROL1-16
Added Pin To Net: NetName=ICINA-1 Pin=CONTROL1-17
Added Pin To Net: NetName=ICINA-1 Pin=CONTROL1-18
Added Pin To Net: NetName=ICPWM-1 Pin=CONTROL1-19
Added Pin To Net: NetName=ICPWM-1 Pin=CONTROL1-20
Added Pin To Net: NetName=D- Pin=CONTROL1-22
Added Pin To Net: NetName=D+ Pin=CONTROL1-24
Added Pin To Net: NetName=CURRENT1 Pin=CONTROL1-25
Added Pin To Net: NetName=CURRENT1 Pin=CONTROL1-26
Added Pin To Net: NetName=ICINB-1 Pin=CONTROL1-27
Added Pin To Net: NetName=ICINB-1 Pin=CONTROL1-28
Added Pin To Net: NetName=+5 Pin=CONTROL1-30
Added Pin To Net: NetName=GND Pin=CONTROL1-32
