Removed Member From Class: ClassName=Power_Taghsim Member=P?
Change Component Designator: OldDesignator=C2 NewDesignator=C1
Change Component Designator: OldDesignator=C3 NewDesignator=C2
Change Component Designator: OldDesignator=C? NewDesignator=C3
Change Component Designator: OldDesignator=P4 NewDesignator=P6
Change Component Designator: OldDesignator=P5 NewDesignator=P7
Change Component Designator: OldDesignator=P6 NewDesignator=P8
Change Component Designator: OldDesignator=P7 NewDesignator=P9
Change Component Designator: OldDesignator=P8 NewDesignator=P4
Change Component Designator: OldDesignator=P9 NewDesignator=P5
Change Component Designator: OldDesignator=P10 NewDesignator=P12
Change Component Designator: OldDesignator=P11 NewDesignator=P10
Change Component Designator: OldDesignator=P12 NewDesignator=P13
Change Component Designator: OldDesignator=P13 NewDesignator=P14
Change Component Designator: OldDesignator=P14 NewDesignator=P11
Change Component Designator: OldDesignator=P16 NewDesignator=P18
Change Component Designator: OldDesignator=P17 NewDesignator=P22
Change Component Designator: OldDesignator=P? NewDesignator=P16
Change Component Designator: OldDesignator=P? NewDesignator=P17
Change Component Designator: OldDesignator=P? NewDesignator=P19
Change Component Designator: OldDesignator=P? NewDesignator=P20
Change Component Designator: OldDesignator=P? NewDesignator=P21
Added Component: Designator=S1(Screw Holw 3-6 mm)
Add component. Clean all parameters for all variants
Added Component: Designator=S2(Screw Holw 3-6 mm)
Add component. Clean all parameters for all variants
Added Component: Designator=S3(Screw Holw 3-6 mm)
Add component. Clean all parameters for all variants
Added Component: Designator=S4(Screw Holw 3-6 mm)
Add component. Clean all parameters for all variants
Added Member To Class: ClassName=Power_Taghsim Member=Component P18 switch EN
Added Member To Class: ClassName=Power_Taghsim Member=Component P19 
Added Member To Class: ClassName=Power_Taghsim Member=Component P20 
Added Member To Class: ClassName=Power_Taghsim Member=Component P21 
Added Member To Class: ClassName=Power_Taghsim Member=Component P22 Monitoring
Added Member To Class: ClassName=Power_Taghsim Member=Component S1 Screw Hole
Added Member To Class: ClassName=Power_Taghsim Member=Component S2 Screw Hole
Added Member To Class: ClassName=Power_Taghsim Member=Component S3 Screw Hole
Added Member To Class: ClassName=Power_Taghsim Member=Component S4 Screw Hole
